<?xml version="1.0" encoding="UTF-8"?>
<testng-results ignored="0" total="1" passed="1" failed="0" skipped="0">
  <reporter-output>
  </reporter-output>
  <suite started-at="2023-10-25T00:18:10 PDT" name="Suite" finished-at="2023-10-25T00:18:37 PDT" duration-ms="27140">
    <groups>
    </groups>
    <test started-at="2023-10-25T00:18:10 PDT" name="Test" finished-at="2023-10-25T00:18:37 PDT" duration-ms="27140">
      <class name="takeScreenshotExample.AmazonTakeScreenshotExample">
        <test-method is-config="true" signature="launchapp()[pri:0, instance:takeScreenshotExample.AmazonTakeScreenshotExample@69997e9d]" started-at="2023-10-25T00:18:10 PDT" name="launchapp" finished-at="2023-10-25T00:18:23 PDT" duration-ms="13112" status="PASS">
          <reporter-output>
          </reporter-output>
        </test-method> <!-- launchapp -->
        <test-method signature="verifySearchFeature()[pri:0, instance:takeScreenshotExample.AmazonTakeScreenshotExample@69997e9d]" started-at="2023-10-25T00:18:23 PDT" name="verifySearchFeature" finished-at="2023-10-25T00:18:30 PDT" duration-ms="6629" status="PASS">
          <reporter-output>
          </reporter-output>
        </test-method> <!-- verifySearchFeature -->
        <test-method is-config="true" signature="closeApp()[pri:0, instance:takeScreenshotExample.AmazonTakeScreenshotExample@69997e9d]" started-at="2023-10-25T00:18:30 PDT" name="closeApp" finished-at="2023-10-25T00:18:37 PDT" duration-ms="7356" status="PASS">
          <reporter-output>
          </reporter-output>
        </test-method> <!-- closeApp -->
      </class> <!-- takeScreenshotExample.AmazonTakeScreenshotExample -->
    </test> <!-- Test -->
  </suite> <!-- Suite -->
</testng-results>
